<?xml version="1.0" encoding="UTF-8"?>
<!-- Generated by org.testng.reporters.JUnitXMLReporter -->
<testsuite ignored="0" hostname="DESKTOP-HBK8B2D" failures="0" tests="4" name="Default test" time="81.306" errors="0" timestamp="2021-11-13T07:44:02 IST">
  <testcase classname="com.testingshastrasignuptests.HomePageTests" name="clickOnNavBar" time="5.389"/>
  <testcase classname="com.testingshastrasignuptests.HomePageTests" name="printAllInfoLinks" time="0.113"/>
  <testcase classname="com.testingshastrasignuptests.HomePageTests" name="verifyIfUserRedirectsToJoinMeetingPage" time="2.295"/>
  <testcase classname="com.testingshastrasignuptests.HomePageTests" name="verifyTitleOfHomePage" time="0.017"/>
</testsuite> <!-- Default test -->
