<?xml version="1.0" encoding="UTF-8"?>
<testng-results ignored="0" total="4" passed="4" failed="0" skipped="0">
  <reporter-output>
  </reporter-output>
  <suite started-at="2021-11-13T07:42:41 IST" name="Default suite" finished-at="2021-11-13T07:44:02 IST" duration-ms="81306">
    <groups>
    </groups>
    <test started-at="2021-11-13T07:42:41 IST" name="Default test" finished-at="2021-11-13T07:44:02 IST" duration-ms="81306">
      <class name="com.testingshastrasignuptests.HomePageTests">
        <test-method is-config="true" signature="setup()[pri:0, instance:com.testingshastrasignuptests.HomePageTests@ffaa6af]" started-at="2021-11-13T07:42:41 IST" name="setup" finished-at="2021-11-13T07:43:16 IST" duration-ms="35792" status="PASS">
          <reporter-output>
          </reporter-output>
        </test-method> <!-- setup -->
        <test-method signature="clickOnNavBar()[pri:0, instance:com.testingshastrasignuptests.HomePageTests@ffaa6af]" started-at="2021-11-13T07:43:16 IST" name="clickOnNavBar" finished-at="2021-11-13T07:43:22 IST" duration-ms="5389" status="PASS">
          <reporter-output>
          </reporter-output>
        </test-method> <!-- clickOnNavBar -->
        <test-method is-config="true" signature="tearDown()[pri:0, instance:com.testingshastrasignuptests.HomePageTests@ffaa6af]" started-at="2021-11-13T07:43:22 IST" name="tearDown" finished-at="2021-11-13T07:43:22 IST" duration-ms="625" status="PASS">
          <reporter-output>
          </reporter-output>
        </test-method> <!-- tearDown -->
        <test-method is-config="true" signature="setup()[pri:0, instance:com.testingshastrasignuptests.HomePageTests@ffaa6af]" started-at="2021-11-13T07:43:22 IST" name="setup" finished-at="2021-11-13T07:43:33 IST" duration-ms="10329" status="PASS">
          <reporter-output>
          </reporter-output>
        </test-method> <!-- setup -->
        <test-method signature="printAllInfoLinks()[pri:0, instance:com.testingshastrasignuptests.HomePageTests@ffaa6af]" started-at="2021-11-13T07:43:33 IST" name="printAllInfoLinks" finished-at="2021-11-13T07:43:33 IST" duration-ms="113" status="PASS">
          <reporter-output>
          </reporter-output>
        </test-method> <!-- printAllInfoLinks -->
        <test-method is-config="true" signature="tearDown()[pri:0, instance:com.testingshastrasignuptests.HomePageTests@ffaa6af]" started-at="2021-11-13T07:43:33 IST" name="tearDown" finished-at="2021-11-13T07:43:33 IST" duration-ms="210" status="PASS">
          <reporter-output>
          </reporter-output>
        </test-method> <!-- tearDown -->
        <test-method is-config="true" signature="setup()[pri:0, instance:com.testingshastrasignuptests.HomePageTests@ffaa6af]" started-at="2021-11-13T07:43:33 IST" name="setup" finished-at="2021-11-13T07:43:46 IST" duration-ms="13400" status="PASS">
          <reporter-output>
          </reporter-output>
        </test-method> <!-- setup -->
        <test-method signature="verifyIfUserRedirectsToJoinMeetingPage()[pri:0, instance:com.testingshastrasignuptests.HomePageTests@ffaa6af]" started-at="2021-11-13T07:43:46 IST" name="verifyIfUserRedirectsToJoinMeetingPage" finished-at="2021-11-13T07:43:49 IST" duration-ms="2295" status="PASS">
          <reporter-output>
          </reporter-output>
        </test-method> <!-- verifyIfUserRedirectsToJoinMeetingPage -->
        <test-method is-config="true" signature="tearDown()[pri:0, instance:com.testingshastrasignuptests.HomePageTests@ffaa6af]" started-at="2021-11-13T07:43:49 IST" name="tearDown" finished-at="2021-11-13T07:43:49 IST" duration-ms="91" status="PASS">
          <reporter-output>
          </reporter-output>
        </test-method> <!-- tearDown -->
        <test-method is-config="true" signature="setup()[pri:0, instance:com.testingshastrasignuptests.HomePageTests@ffaa6af]" started-at="2021-11-13T07:43:49 IST" name="setup" finished-at="2021-11-13T07:44:02 IST" duration-ms="12882" status="PASS">
          <reporter-output>
          </reporter-output>
        </test-method> <!-- setup -->
        <test-method signature="verifyTitleOfHomePage()[pri:0, instance:com.testingshastrasignuptests.HomePageTests@ffaa6af]" started-at="2021-11-13T07:44:02 IST" name="verifyTitleOfHomePage" finished-at="2021-11-13T07:44:02 IST" duration-ms="17" status="PASS">
          <reporter-output>
          </reporter-output>
        </test-method> <!-- verifyTitleOfHomePage -->
        <test-method is-config="true" signature="tearDown()[pri:0, instance:com.testingshastrasignuptests.HomePageTests@ffaa6af]" started-at="2021-11-13T07:44:02 IST" name="tearDown" finished-at="2021-11-13T07:44:02 IST" duration-ms="94" status="PASS">
          <reporter-output>
          </reporter-output>
        </test-method> <!-- tearDown -->
      </class> <!-- com.testingshastrasignuptests.HomePageTests -->
    </test> <!-- Default test -->
  </suite> <!-- Default suite -->
</testng-results>
